0470470470470470470470470470470470470470470470470470470470470470470475
0470470470401151511541541511561470401601621571471621411550400470470472
0470470470401461571620401641501450401601541411631641511430400470470471
0470470470401551571541440400401641571571540400401571460400400470470470
0470470470401251231020400400401501411551421651621471451620400470470471
0470470470401461621710401601411560560400400400400400400400400470470473
0470470470470470470470470470470470470470470470470470470470470470470475
0470470470401601411621640400610400400400400400400400400400400470470472
0470470470401200571160720401251070550660610670710710611470400470470473
0470470470400600670550600640550610610400401501641540400400400470470472
0470470470470470470470470470470470470470470470470470470470470470470475
0470401621451551571661450401421651541530401571460401641501456
0470401551411641451621511411540401671511641500401541411621471452
0470401641571571541630
1601511431530400401551511541540400401570610607
1631601451451440401061011231240
1551571661450400400600400600400620601
1621601550400610600600600
1541651421621511431411561640400640400610601
1631601451451440400640613
1551571661450400600400600400605
1631601451451440400630623
1551571661450400600400610600400604
1431511621431541450400600400600400610600400610602
1551571661450400600400620600400605
1431511621431541450400600400600400620600400610603
1551571661450400600400630600400606
1431511621431541450400600400600400630600400610604
0470401621451551571661450401641501450401641571571543
1551571661450400600400630600400620606
1621601550400605
1541651421621511431411561640400600400606
0470401461511561511631500401631511441454
1601511431530400401551511541540400401570644
1631601451451440401061011231240
1551571661450400400600400630630400620605
1621601550400610650600605
1541651421621511431411561640400640400703
1631601451451440400712
1551571661450400400600400630640400606
1621451601451411640400640724
1431511621431541450400600400600400630640400650600602
0470401621451551571661450401641501450401641571571543
1551571661450400600400630600400620606
1621601550400605
1541651421621511431411561640400600400606
1601511431537
0470401601411621640400620401461571541541571671631
