0470401251070550660610670710710611470401601411621640400625
0470470470401601571631511641511571561511561470401501571541451631
1601511431530400401441621511541540401570704
1621601550400610610600601
1631601451451440401061011231240
0470401501571541450400611
1551571661450400400640600400640600400620605
1541651421621511431411561640400610400665
1631601451451440400640714
1551571661450400640600400640600400601
1671411511640400611
1551571661450400640600400640600400620601
0470401501571541450400622
1551571661450400550640650400550650600400620603
1551571661450400550640650400550650600400603
1671411511640400611
1551571661450400550640650400550650600400620603
0470401621451551571661451
1621601550400605
1541651421621511431411561640400600400606
0470470470401441621511541540401441411641410401551411641621511706
0470401441621511541540401631651420401461571620401414
0470401631511561471541450401431451541540401411640401700731712
1631651420401431451541540401700401710401501451511471501640
1700400750401700400520400634
1710400750401710400520400636
1151571661450400610600531700400550630600531710401501451511471501642
1551571661450400610600531700400550630600531710400600
1671411511640400600560612
1151171261050400610600531700400550630600531710401501451511471501646
1451561441631651424
0473
0470401461651541540401441411641410401551411641621511706
1631651420401551700401441411641410
1541571431411540401501451511471501647
0470401501451511471501640401631501571651541440401561571640401421450
0470401501411621441671511621451440401501451621455
1501451511471501640400750400620606
1461571620401700401710401511560401441411641415
1431451541540401700401710401501451511471501647
1451561441461571620
1451561441631651424
1601511431530400401441621511541540401570625
1621601550400630600600602
0470401411630401601451620401551411561651461411431641651621511561472
0470401621451611651451631640401151150600600610620670670630610570600615
1551700400400600400600400400610400600400400630400610400400640400626
1551700400400650400610400400650400630400400660400600400400660400616
1461511561511631505
