3
2009 6294
2010 10020
2011 5777
100
Afghanistan 3
Algeria 1
Antarctica 9
Argentina 17
Armenia 25
Australia 41
Austria 9
Azerbaijan 10
Bahamas 1
Bangladesh 161
Belarus 35
Belgium 9
Bolivia 22
Bosnia_and_Herzegovina 3
Brazil 35
Bulgaria 19
Canada 55
China 462
Columbia 6
Costa_Rica 1
Croatia 7
Croatia__Hrvatska_ 21
Cuba 6
Cyprus 1
Czech_Republic 10
D_P_R__Korea 1
Denmark 4
Dominican_Republic 3
East_Timor 1
Egypt 43
Estonia 15
Finland 7
France 13
Georgia 9
Germany 28
Greece 5
Hong_Kong_SAR__PRC 20
Hungary 14
Iceland 1
India 885
Indonesia 32
Iran 57
Ireland 4
Israel 5
Italy 41
Jamaica 2
Japan 41
Kazakhstan 29
Korea 112
Kyrgyzstan 5
Latvia 15
Lebanon 2
Lithuania 13
Macedonia 23
Malaysia 1
Mexico 25
Moldova 12
Mongolia 1
Morocco 4
Namibia 1
Nepal 1
Netherlands 10
New_Zealand 5
Nicaragua 2
Niger 1
Nigeria 1
Norway 9
Pakistan 2
Peru 6
Philippines 4
Poland 56
Portugal 7
Puerto_Rico 1
Reunion 1
Romania 24
Russia 219
Rwanda 1
Singapore 29
Slovak_Republic 70
Slovenia 16
South_Africa 32
Spain 8
Sri_Lanka 2
Sweden 4
Switzerland 3
Taiwan_Region 15
Thailand 13
Turkey 3
Uganda 1
Ukraine 75
United_Arab_Emirates 1
United_Kingdom 56
United_States 235
Uzbekistan 1
Venezuela 3
Vietnam 66
Wallis_And_Futuna_Islands 1
Yugoslavia 7
Zimbabwe 1
_no_specific_country_ 15
22
32 BUET
29 _
28 None
26 none
24 IIIT_Hyderabad
23 Zhejiang_University
19 IIT_Bombay
19 N_A
16 University_of_Dhaka
14 IIIT_Allahabad
14 Tsinghua_University
13 Fudan_University
12 BITS_Pilani
12 FMFI_UK
12 MSU
11 IIT_Delhi
11 Seoul_National_University
11 University_of_Waterloo
10 Google
10 Other
10 Saratov_State_University
10 ZRI
1
1.78
2
open 21.9
secondary 16.8
37
2009 A 2
2009 B 3
2009 C 2
2009 D 2
2009 E 2
2009 F 2
2009 G 2
2009 H 4
2009 I 3
2009 J 3
2009 K 2
2009 L 2
2009 M 3
2010 A 2
2010 B 2
2010 C 1
2010 D 2
2010 E 1
2010 F 1
2010 G 2
2010 H 2
2010 I 2
2010 J 1
2010 K 1
2010 L 2
2010 M 2
2011 A 1
2011 B 2
2011 C 2
2011 D 2
2011 E 1
2011 F 1
2011 G 1
2011 H 2
2011 I 2
2011 K 1
2011 L 1
